M 134221792
M 671092672
M 134221792
M 671092672
M 134221792
M 671092672
M 134221792
M 671092672
M 134221792
M 671092672
M 134221792
M 671092672
M 134221792
M 671092672
M 134221792
M 671092672
M 134221792
M 671092672
M 134221792
M 671092672
M 134221792
M 671092672
M 134221792
M 671092672
M 134221792
M 671092672
M 134221792
M 671092672
M 134221792
M 671092672
M 134221792
M 134221792
M 671092672
M 134221792
M 671092672
M 134221792
M 671092672
M 134221792
M 671092672
M 134221792
M 671092672
M 134221792
M 671092672
M 134221792
M 671092672
M 134221792
M 671092672
M 134221792
M 671092672
M 134221792
M 671092672
M 134221792
M 671092672
M 134221792
M 671092672
M 134221792
M 671092672
M 134221792
M 671092672
M 134221792
M 671092672
M 134221792
M 671092672
M 134221792
M 671092672
M 134221792
M 671092672
C 134221792
C 671092672
C 134221792
C 671092672
C 134221792
C 671092672
C 134221792
C 671092672
C 134221792
C 671092672
C 134221792
C 671092672
C 134221792
C 671092672
C 134221792
C 671092672
C 134221792
C 671092672
C 134221792
C 671092672
C 134221792
C 671092672
C 134221792
C 671092672
C 134221792
C 671092672
C 134221792
C 671092672
C 134221792
C 671092672
C 134221792
C 671092672
C 134221792
C 671092672
C 134221792
C 671092672
C 134221792
C 671092672
C 134221792
C 671092672
C 134221792
C 671092672
C 134221792
C 671092672
C 134221792
C 671092672
C 134221792
C 671092672
C 134221792
C 671092672
C 134221792
C 671092672
C 134221792
C 671092672
C 134221792
C 671092672
C 134221792
C 671092672
C 134221792
C 671092672
C 134221792
C 671092672
C 134221792
C 671092672
C 134221792
C 671092672
C 134221792
C 671092672
M 671092672
M 134221792
M 671092672
M 134221792
M 671092672
M 134221792
M 671092672
M 134221792
M 671092672
M 134221792
M 671092672
M 134221792
M 671092672
M 134221792
M 671092672
M 134221792
M 671092672
M 134221792
M 671092672
M 134221792
M 671092672
M 134221792
M 671092672
M 134221792
M 671092672
M 134221792
M 671092672
M 134221792
M 671092672
M 134221792
M 671092672
M 134221792
M 671092672
M 134221792
M 671092672
M 134221792
M 671092672